2024-12-08T22:32:56.279Z - Error: Invalid format of Content and URL during uploadPackage
2024-12-08T22:33:42.765Z - Unauthorized: Token missing. during uploading package
2024-12-08T22:33:45.987Z - Unauthorized: Token missing. during uploading package
2024-12-08T22:33:57.521Z - Unauthorized: Token missing. during uploading package
2024-12-08T22:34:04.437Z - Unauthorized: Token missing. during uploading package
2024-12-08T22:34:30.669Z - Unauthorized: Token missing. during uploading package
2024-12-08T22:34:37.259Z - Unauthorized: Token missing. during uploading package
2024-12-08T22:34:37.265Z - Error: Invalid format of Content and URL during uploadPackage
2024-12-08T22:34:47.271Z - Unauthorized: Token missing. during uploading package
2024-12-08T22:34:47.278Z - Error: Invalid format of Content and URL during uploadPackage
2024-12-08T23:47:06.562Z - we are heerrrr
2024-12-08T23:47:06.573Z - we are heerrrr
2024-12-08T23:47:27.950Z - we are heerrrr
2024-12-08T23:47:27.953Z - we are heerrrr
2024-12-09T00:04:10.659Z - we are heerrrr
2024-12-09T00:04:10.661Z - we are heerrrr
2024-12-09T00:21:47.999Z - we are heerrrr
2024-12-09T00:21:48.019Z - we are heerrrr
2024-12-09T00:26:28.261Z - we are heerrrr
2024-12-09T00:26:28.264Z - we are heerrrr
2024-12-09T00:26:53.230Z - we are heerrrr
2024-12-09T00:26:53.233Z - we are heerrrr
2024-12-09T00:27:50.066Z - we are heerrrr
2024-12-09T00:27:50.069Z - we are heerrrr
2024-12-09T00:32:06.313Z - we are heerrrr
2024-12-09T00:32:06.314Z - we are heerrrr
2024-12-09T00:32:25.809Z - we are heerrrr
2024-12-09T00:32:25.812Z - we are heerrrr
2024-12-09T00:34:20.981Z - we are heerrrr
2024-12-09T00:34:20.982Z - we are heerrrr
2024-12-09T00:34:35.728Z - we are heerrrr
2024-12-09T00:34:35.729Z - we are heerrrr
2024-12-09T00:34:43.644Z - we are heerrrr
2024-12-09T00:34:43.645Z - we are heerrrr
2024-12-09T00:34:49.036Z - we are heerrrr
2024-12-09T00:34:49.037Z - we are heerrrr
2024-12-09T00:34:59.264Z - we are heerrrr
2024-12-09T00:34:59.265Z - we are heerrrr
2024-12-09T00:35:10.014Z - we are heerrrr
2024-12-09T00:35:10.015Z - we are heerrrr
2024-12-09T00:35:12.413Z - we are heerrrr
2024-12-09T00:35:12.414Z - we are heerrrr
2024-12-09T00:35:15.832Z - we are heerrrr
2024-12-09T00:35:15.833Z - we are heerrrr
2024-12-09T00:35:32.060Z - we are heerrrr
2024-12-09T00:35:32.061Z - we are heerrrr
2024-12-09T00:35:34.822Z - we are heerrrr
2024-12-09T00:35:34.823Z - we are heerrrr
2024-12-09T00:35:39.749Z - we are heerrrr
2024-12-09T00:35:39.750Z - we are heerrrr
2024-12-09T00:35:45.414Z - we are heerrrr
2024-12-09T00:35:45.415Z - we are heerrrr
2024-12-09T00:35:47.567Z - we are heerrrr
2024-12-09T00:35:47.568Z - we are heerrrr
2024-12-09T00:35:49.528Z - we are heerrrr
2024-12-09T00:35:49.530Z - we are heerrrr
2024-12-09T00:35:52.719Z - we are heerrrr
2024-12-09T00:35:52.721Z - we are heerrrr
2024-12-09T00:36:02.269Z - we are heerrrr
2024-12-09T00:36:02.271Z - we are heerrrr
2024-12-09T00:36:25.985Z - we are heerrrr
2024-12-09T00:36:25.986Z - we are heerrrr
2024-12-09T00:36:29.461Z - we are heerrrr
2024-12-09T00:36:29.463Z - we are heerrrr
2024-12-09T00:36:34.073Z - we are heerrrr
2024-12-09T00:36:34.074Z - we are heerrrr
2024-12-09T00:36:37.895Z - we are heerrrr
2024-12-09T00:36:37.897Z - we are heerrrr
2024-12-09T00:36:44.599Z - we are heerrrr
2024-12-09T00:36:44.600Z - we are heerrrr
2024-12-09T00:36:48.277Z - we are heerrrr
2024-12-09T00:36:48.279Z - we are heerrrr
2024-12-09T00:37:58.894Z - we are heerrrr
2024-12-09T00:37:58.895Z - we are heerrrr
2024-12-09T00:37:58.910Z - We are getting the name from package.json
2024-12-09T00:37:58.911Z - the returned name is 
2024-12-09T00:37:58.913Z - We are getting the name from package.json
2024-12-09T00:37:58.914Z - the returned url is 
2024-12-09T00:37:58.916Z - README file found: \extracted\README.md
2024-12-09T00:37:58.931Z - No README file found in extracted package
2024-12-09T00:37:59.833Z - we are heerrrr
2024-12-09T00:37:59.834Z - we are heerrrr
2024-12-09T00:37:59.849Z - We are getting the name from package.json
2024-12-09T00:37:59.850Z - the returned name is 
2024-12-09T00:37:59.851Z - We are getting the name from package.json
2024-12-09T00:37:59.852Z - the returned url is 
2024-12-09T00:37:59.854Z - README file found: \extracted\README.md
2024-12-09T00:37:59.869Z - No README file found in extracted package
2024-12-09T00:38:32.884Z - we are heerrrr
2024-12-09T00:38:32.886Z - we are heerrrr
2024-12-09T00:38:32.901Z - We are getting the name from package.json
2024-12-09T00:38:32.902Z - the returned name is 
2024-12-09T00:38:32.904Z - We are getting the name from package.json
2024-12-09T00:38:32.905Z - the returned url is 
2024-12-09T00:38:32.907Z - README file found: \extracted\README.md
2024-12-09T00:38:32.924Z - No README file found in extracted package
2024-12-09T00:38:33.792Z - we are heerrrr
2024-12-09T00:38:33.793Z - we are heerrrr
2024-12-09T00:38:33.809Z - We are getting the name from package.json
2024-12-09T00:38:33.810Z - the returned name is 
2024-12-09T00:38:33.812Z - We are getting the name from package.json
2024-12-09T00:38:33.813Z - the returned url is 
2024-12-09T00:38:33.815Z - README file found: \extracted\README.md
2024-12-09T00:38:33.831Z - No README file found in extracted package
2024-12-09T00:38:39.211Z - we are heerrrr
2024-12-09T00:38:39.212Z - we are heerrrr
2024-12-09T00:38:39.227Z - We are getting the name from package.json
2024-12-09T00:38:39.227Z - the returned name is 
2024-12-09T00:38:39.229Z - We are getting the name from package.json
2024-12-09T00:38:39.230Z - the returned url is 
2024-12-09T00:38:39.231Z - README file found: \extracted\README.md
2024-12-09T00:38:39.246Z - No README file found in extracted package
2024-12-09T00:38:44.648Z - we are heerrrr
2024-12-09T00:38:44.649Z - we are heerrrr
2024-12-09T00:38:44.666Z - We are getting the name from package.json
2024-12-09T00:38:44.667Z - the returned name is 
2024-12-09T00:38:44.669Z - We are getting the name from package.json
2024-12-09T00:38:44.671Z - the returned url is 
2024-12-09T00:38:44.673Z - README file found: \extracted\README.md
2024-12-09T00:38:44.695Z - No README file found in extracted package
2024-12-09T00:38:46.172Z - we are heerrrr
2024-12-09T00:38:46.174Z - we are heerrrr
2024-12-09T00:38:46.190Z - We are getting the name from package.json
2024-12-09T00:38:46.190Z - the returned name is 
2024-12-09T00:38:46.192Z - We are getting the name from package.json
2024-12-09T00:38:46.193Z - the returned url is 
2024-12-09T00:38:46.195Z - README file found: \extracted\README.md
2024-12-09T00:38:46.209Z - No README file found in extracted package
2024-12-09T00:38:48.945Z - we are heerrrr
2024-12-09T00:38:48.946Z - we are heerrrr
2024-12-09T00:38:48.962Z - We are getting the name from package.json
2024-12-09T00:38:48.963Z - the returned name is 
2024-12-09T00:38:48.965Z - We are getting the name from package.json
2024-12-09T00:38:48.966Z - the returned url is 
2024-12-09T00:38:48.968Z - README file found: \extracted\README.md
2024-12-09T00:38:48.983Z - No README file found in extracted package
2024-12-09T00:40:36.782Z - we are heerrrr
2024-12-09T00:40:36.783Z - we are heerrrr
2024-12-09T00:40:36.797Z - We are getting the name from package.json
2024-12-09T00:40:36.798Z - the returned name is 
2024-12-09T00:40:36.800Z - We are getting the name from package.json
2024-12-09T00:40:36.800Z - the returned url is 
2024-12-09T00:40:36.802Z - README file found: \extracted\README.md
2024-12-09T00:40:36.816Z - No README file found in extracted package
2024-12-09T00:40:37.681Z - we are heerrrr
2024-12-09T00:40:37.682Z - we are heerrrr
2024-12-09T00:40:37.696Z - We are getting the name from package.json
2024-12-09T00:40:37.697Z - the returned name is 
2024-12-09T00:40:37.698Z - We are getting the name from package.json
2024-12-09T00:40:37.699Z - the returned url is 
2024-12-09T00:40:37.700Z - README file found: \extracted\README.md
2024-12-09T00:40:37.713Z - No README file found in extracted package
2024-12-09T00:41:12.422Z - we are heerrrr
2024-12-09T00:41:12.423Z - we are heerrrr
2024-12-09T00:41:12.437Z - We are getting the name from package.json
2024-12-09T00:41:12.438Z - the returned name is 
2024-12-09T00:41:12.440Z - We are getting the name from package.json
2024-12-09T00:41:12.441Z - the returned url is 
2024-12-09T00:41:12.443Z - README file found: \extracted\README.md
2024-12-09T00:41:12.456Z - No README file found in extracted package
2024-12-09T00:41:15.388Z - we are heerrrr
2024-12-09T00:41:15.389Z - we are heerrrr
2024-12-09T00:41:15.404Z - We are getting the name from package.json
2024-12-09T00:41:15.404Z - the returned name is 
2024-12-09T00:41:15.407Z - We are getting the name from package.json
2024-12-09T00:41:15.407Z - the returned url is 
2024-12-09T00:41:15.409Z - README file found: \extracted\README.md
2024-12-09T00:41:15.422Z - No README file found in extracted package
2024-12-09T00:42:05.985Z - we are heerrrr
2024-12-09T00:42:05.986Z - we are heerrrr
2024-12-09T00:42:06.000Z - We are getting the name from package.json
2024-12-09T00:42:06.000Z - the returned name is 
2024-12-09T00:42:06.002Z - We are getting the name from package.json
2024-12-09T00:42:06.003Z - the returned url is 
2024-12-09T00:42:06.005Z - README file found: \extracted\README.md
2024-12-09T00:42:06.019Z - No README file found in extracted package
2024-12-09T00:42:39.557Z - we are heerrrr
2024-12-09T00:42:39.558Z - we are heerrrr
2024-12-09T00:42:39.573Z - We are getting the name from package.json
2024-12-09T00:42:39.574Z - the returned name is 
2024-12-09T00:42:39.576Z - We are getting the name from package.json
2024-12-09T00:42:39.576Z - the returned url is 
2024-12-09T00:42:39.578Z - README file found: \extracted\README.md
2024-12-09T00:42:39.594Z - No README file found in extracted package
2024-12-09T00:42:48.427Z - we are heerrrr
2024-12-09T00:42:48.428Z - we are heerrrr
2024-12-09T00:42:48.444Z - We are getting the name from package.json
2024-12-09T00:42:48.445Z - the returned name is 
2024-12-09T00:42:48.447Z - We are getting the name from package.json
2024-12-09T00:42:48.448Z - the returned url is 
2024-12-09T00:42:48.450Z - README file found: \extracted\README.md
2024-12-09T00:42:48.464Z - No README file found in extracted package
2024-12-09T00:42:57.859Z - we are heerrrr
2024-12-09T00:42:57.860Z - we are heerrrr
2024-12-09T00:42:57.891Z - We are getting the name from package.json
2024-12-09T00:42:57.892Z - the returned name is 
2024-12-09T00:42:57.895Z - We are getting the name from package.json
2024-12-09T00:42:57.896Z - the returned url is 
2024-12-09T00:42:57.898Z - README file found: \extracted\README.md
2024-12-09T00:42:57.913Z - No README file found in extracted package
2024-12-09T00:43:12.136Z - we are heerrrr
2024-12-09T00:43:12.136Z - we are heerrrr
2024-12-09T00:43:12.150Z - We are getting the name from package.json
2024-12-09T00:43:12.151Z - the returned name is 
2024-12-09T00:43:12.153Z - We are getting the name from package.json
2024-12-09T00:43:12.154Z - the returned url is 
2024-12-09T00:43:12.156Z - README file found: \extracted\README.md
2024-12-09T00:43:12.169Z - No README file found in extracted package
2024-12-09T00:43:49.348Z - we are heerrrr
2024-12-09T00:43:49.349Z - we are heerrrr
2024-12-09T00:43:49.362Z - We are getting the name from package.json
2024-12-09T00:43:49.363Z - the returned name is 
2024-12-09T00:43:49.365Z - We are getting the name from package.json
2024-12-09T00:43:49.366Z - the returned url is 
2024-12-09T00:43:49.367Z - README file found: \extracted\README.md
2024-12-09T00:43:49.381Z - No README file found in extracted package
2024-12-09T00:43:50.319Z - we are heerrrr
2024-12-09T00:43:50.321Z - we are heerrrr
2024-12-09T00:43:50.337Z - We are getting the name from package.json
2024-12-09T00:43:50.338Z - the returned name is 
2024-12-09T00:43:50.340Z - We are getting the name from package.json
2024-12-09T00:43:50.341Z - the returned url is 
2024-12-09T00:43:50.343Z - README file found: \extracted\README.md
2024-12-09T00:43:50.358Z - No README file found in extracted package
2024-12-09T00:43:51.280Z - we are heerrrr
2024-12-09T00:43:51.281Z - we are heerrrr
2024-12-09T00:43:51.294Z - We are getting the name from package.json
2024-12-09T00:43:51.295Z - the returned name is 
2024-12-09T00:43:51.297Z - We are getting the name from package.json
2024-12-09T00:43:51.298Z - the returned url is 
2024-12-09T00:43:51.300Z - README file found: \extracted\README.md
2024-12-09T00:43:51.315Z - No README file found in extracted package
2024-12-09T00:43:54.226Z - we are heerrrr
2024-12-09T00:43:54.227Z - we are heerrrr
2024-12-09T00:43:54.240Z - We are getting the name from package.json
2024-12-09T00:43:54.241Z - the returned name is 
2024-12-09T00:43:54.243Z - We are getting the name from package.json
2024-12-09T00:43:54.244Z - the returned url is 
2024-12-09T00:43:54.246Z - README file found: \extracted\README.md
2024-12-09T00:43:54.261Z - No README file found in extracted package
2024-12-09T00:45:48.569Z - we are heerrrr
2024-12-09T00:45:48.570Z - we are heerrrr
2024-12-09T00:45:48.584Z - We are getting the name from package.json
2024-12-09T00:45:48.584Z - the returned name is 
2024-12-09T00:45:48.586Z - We are getting the name from package.json
2024-12-09T00:45:48.588Z - the returned url is 
2024-12-09T00:45:48.589Z - README file found: \extracted\README.md
2024-12-09T00:45:48.603Z - No README file found in extracted package
2024-12-09T00:45:54.580Z - we are heerrrr
2024-12-09T00:45:54.582Z - we are heerrrr
2024-12-09T00:45:54.599Z - We are getting the name from package.json
2024-12-09T00:45:54.600Z - the returned name is 
2024-12-09T00:45:54.602Z - We are getting the name from package.json
2024-12-09T00:45:54.603Z - the returned url is 
2024-12-09T00:45:54.606Z - README file found: \extracted\README.md
2024-12-09T00:45:54.621Z - No README file found in extracted package
2024-12-09T00:47:16.662Z - we are heerrrr
2024-12-09T00:47:16.663Z - we are heerrrr
2024-12-09T00:47:16.678Z - We are getting the name from package.json
2024-12-09T00:47:16.679Z - the returned name is 
2024-12-09T00:47:16.682Z - We are getting the name from package.json
2024-12-09T00:47:16.683Z - the returned url is 
2024-12-09T00:47:16.684Z - README file found: \extracted\README.md
2024-12-09T00:47:16.698Z - No README file found in extracted package
2024-12-09T00:47:17.755Z - we are heerrrr
2024-12-09T00:47:17.756Z - we are heerrrr
2024-12-09T00:47:17.769Z - We are getting the name from package.json
2024-12-09T00:47:17.770Z - the returned name is 
2024-12-09T00:47:17.772Z - We are getting the name from package.json
2024-12-09T00:47:17.773Z - the returned url is 
2024-12-09T00:47:17.775Z - README file found: \extracted\README.md
2024-12-09T00:47:17.790Z - No README file found in extracted package
2024-12-09T00:47:48.463Z - we are heerrrr
2024-12-09T00:47:48.465Z - we are heerrrr
2024-12-09T00:47:48.478Z - We are getting the name from package.json
2024-12-09T00:47:48.479Z - the returned name is 
2024-12-09T00:47:48.481Z - We are getting the name from package.json
2024-12-09T00:47:48.481Z - the returned url is 
2024-12-09T00:47:48.483Z - README file found: \extracted\README.md
2024-12-09T00:47:48.494Z - No README file found in extracted package
2024-12-09T00:48:13.667Z - we are heerrrr
2024-12-09T00:48:13.668Z - we are heerrrr
2024-12-09T00:48:13.671Z - README file found: \extracted\README.md
2024-12-09T00:48:13.683Z - No README file found in extracted package
2024-12-09T00:48:24.678Z - we are heerrrr
2024-12-09T00:48:24.679Z - we are heerrrr
2024-12-09T00:48:24.685Z - README file found: \extracted\README.md
2024-12-09T00:48:24.702Z - No README file found in extracted package
2024-12-09T00:53:27.860Z - we are heerrrr
2024-12-09T00:53:27.862Z - we are heerrrr
2024-12-09T00:53:27.868Z - README file found: \extracted\README.md
2024-12-09T00:53:27.886Z - No README file found in extracted package
2024-12-09T00:55:16.838Z - Invalid or missing fields in PackageQuery
2024-12-09T00:55:48.229Z - Invalid or missing fields in PackageQuery
2024-12-09T00:56:33.072Z - we are heerrrr
2024-12-09T00:56:33.073Z - we are heerrrr
2024-12-09T00:56:33.079Z - README file found: \extracted\README.md
2024-12-09T00:56:33.097Z - No README file found in extracted package
2024-12-09T00:56:35.729Z - Invalid or missing fields in PackageQuery
2024-12-09T00:57:16.784Z - we are heerrrr
2024-12-09T00:57:16.786Z - we are heerrrr
2024-12-09T00:57:16.792Z - README file found: \extracted\README.md
2024-12-09T00:57:16.809Z - No README file found in extracted package
2024-12-09T00:57:17.453Z - Invalid or missing fields in PackageQuery
2024-12-09T00:57:33.289Z - we are heerrrr
2024-12-09T00:57:33.290Z - we are heerrrr
2024-12-09T00:57:33.296Z - README file found: \extracted\README.md
2024-12-09T00:57:33.313Z - No README file found in extracted package
2024-12-09T00:57:34.034Z - Invalid or missing fields in PackageQuery
2024-12-09T00:58:58.375Z - we are heerrrr
2024-12-09T00:58:58.376Z - we are heerrrr
2024-12-09T00:58:58.383Z - README file found: \extracted\README.md
2024-12-09T00:58:58.397Z - No README file found in extracted package
2024-12-09T00:58:59.072Z - Invalid or missing fields in PackageQuery
2024-12-09T00:59:00.695Z - we are heerrrr
2024-12-09T00:59:00.697Z - we are heerrrr
2024-12-09T00:59:00.703Z - README file found: \extracted\README.md
2024-12-09T00:59:00.721Z - No README file found in extracted package
2024-12-09T00:59:01.482Z - Invalid or missing fields in PackageQuery
2024-12-09T00:59:16.457Z - we are heerrrr
2024-12-09T00:59:16.458Z - we are heerrrr
2024-12-09T00:59:16.465Z - README file found: \extracted\README.md
2024-12-09T00:59:16.488Z - No README file found in extracted package
2024-12-09T00:59:19.259Z - Invalid or missing fields in PackageQuery
2024-12-09T01:00:05.248Z - we are heerrrr
2024-12-09T01:00:05.250Z - we are heerrrr
2024-12-09T01:00:05.256Z - README file found: \extracted\README.md
2024-12-09T01:00:05.274Z - No README file found in extracted package
2024-12-09T01:00:08.267Z - Invalid or missing fields in PackageQuery
2024-12-09T01:02:33.496Z - we are heerrrr
2024-12-09T01:02:33.497Z - we are heerrrr
2024-12-09T01:02:33.503Z - README file found: \extracted\README.md
2024-12-09T01:02:33.521Z - No README file found in extracted package
2024-12-09T01:02:36.315Z - Invalid or missing fields in PackageQuery
2024-12-09T01:04:30.981Z - we are heerrrr
2024-12-09T01:04:30.983Z - we are heerrrr
2024-12-09T01:04:30.988Z - README file found: \extracted\README.md
2024-12-09T01:04:31.007Z - No README file found in extracted package
2024-12-09T01:04:33.824Z - Invalid or missing fields in PackageQuery
2024-12-09T01:04:47.894Z - we are heerrrr
2024-12-09T01:04:47.895Z - we are heerrrr
2024-12-09T01:04:47.900Z - README file found: \extracted\README.md
2024-12-09T01:04:47.919Z - No README file found in extracted package
2024-12-09T01:04:50.935Z - Invalid or missing fields in PackageQuery
2024-12-09T01:05:40.095Z - we are heerrrr
2024-12-09T01:05:40.097Z - we are heerrrr
2024-12-09T01:05:40.105Z - README file found: \extracted\README.md
2024-12-09T01:05:40.124Z - No README file found in extracted package
2024-12-09T01:05:43.327Z - Invalid or missing fields in PackageQuery
2024-12-09T01:05:54.388Z - we are heerrrr
2024-12-09T01:05:54.390Z - we are heerrrr
2024-12-09T01:05:54.397Z - README file found: \extracted\README.md
2024-12-09T01:05:54.415Z - No README file found in extracted package
2024-12-09T01:05:57.667Z - Invalid or missing fields in PackageQuery
2024-12-09T01:06:34.760Z - we are heerrrr
2024-12-09T01:06:34.762Z - we are heerrrr
2024-12-09T01:06:34.768Z - README file found: \extracted\README.md
2024-12-09T01:06:34.787Z - No README file found in extracted package
2024-12-09T01:06:37.942Z - Invalid or missing fields in PackageQuery
2024-12-09T01:06:52.404Z - we are heerrrr
2024-12-09T01:06:52.405Z - we are heerrrr
2024-12-09T01:06:52.411Z - README file found: \extracted\README.md
2024-12-09T01:06:52.426Z - No README file found in extracted package
2024-12-09T01:06:55.039Z - Invalid or missing fields in PackageQuery
2024-12-09T01:07:06.466Z - we are heerrrr
2024-12-09T01:07:06.468Z - we are heerrrr
2024-12-09T01:07:06.475Z - README file found: \extracted\README.md
2024-12-09T01:07:06.498Z - No README file found in extracted package
2024-12-09T01:07:10.019Z - Invalid or missing fields in PackageQuery
2024-12-09T01:07:48.067Z - we are heerrrr
2024-12-09T01:07:48.069Z - we are heerrrr
2024-12-09T01:07:48.076Z - README file found: \extracted\README.md
2024-12-09T01:07:48.097Z - No README file found in extracted package
2024-12-09T01:08:26.499Z - we are heerrrr
2024-12-09T01:08:26.501Z - we are heerrrr
2024-12-09T01:08:26.507Z - README file found: \extracted\README.md
2024-12-09T01:08:26.524Z - No README file found in extracted package
2024-12-09T01:08:29.359Z - Invalid or missing fields in PackageQuery
2024-12-09T01:09:03.407Z - we are heerrrr
2024-12-09T01:09:03.409Z - we are heerrrr
2024-12-09T01:09:03.415Z - README file found: \extracted\README.md
2024-12-09T01:09:03.437Z - No README file found in extracted package
2024-12-09T01:09:13.277Z - we are heerrrr
2024-12-09T01:09:13.279Z - we are heerrrr
2024-12-09T01:09:13.284Z - README file found: \extracted\README.md
2024-12-09T01:09:13.305Z - No README file found in extracted package
2024-12-09T01:09:16.350Z - Invalid or missing fields in PackageQuery
2024-12-09T01:09:31.887Z - we are heerrrr
2024-12-09T01:09:31.889Z - we are heerrrr
2024-12-09T01:09:31.894Z - README file found: \extracted\README.md
2024-12-09T01:09:31.912Z - No README file found in extracted package
2024-12-09T01:09:48.959Z - we are heerrrr
2024-12-09T01:09:48.961Z - we are heerrrr
2024-12-09T01:09:48.968Z - README file found: \extracted\README.md
2024-12-09T01:09:48.984Z - No README file found in extracted package
2024-12-09T01:09:51.933Z - Invalid or missing fields in PackageQuery
2024-12-09T01:12:21.659Z - we are heerrrr
2024-12-09T01:12:21.661Z - we are heerrrr
2024-12-09T01:12:21.665Z - README file found: \extracted\README.md
2024-12-09T01:12:21.682Z - No README file found in extracted package
2024-12-09T01:12:24.358Z - Invalid or missing fields in PackageQuery
2024-12-09T01:13:48.561Z - we are heerrrr
2024-12-09T01:13:48.563Z - we are heerrrr
2024-12-09T01:13:48.566Z - README file found: \extracted\README.md
2024-12-09T01:13:48.577Z - No README file found in extracted package
2024-12-09T01:14:22.714Z - we are heerrrr
2024-12-09T01:14:22.715Z - we are heerrrr
2024-12-09T01:14:22.719Z - README file found: \extracted\README.md
2024-12-09T01:14:22.730Z - No README file found in extracted package
2024-12-09T01:16:29.657Z - we are heerrrr
2024-12-09T01:16:29.658Z - we are heerrrr
2024-12-09T01:16:29.663Z - README file found: \extracted\README.md
2024-12-09T01:16:29.684Z - No README file found in extracted package
2024-12-09T01:16:32.290Z - Invalid or missing fields in PackageQuery
2024-12-09T01:17:11.883Z - Invalid or missing fields in PackageQuery
2024-12-09T01:17:18.754Z - Invalid or missing fields in PackageQuery
2024-12-09T01:17:20.821Z - Invalid or missing fields in PackageQuery
2024-12-09T01:17:29.414Z - Invalid or missing fields in PackageQuery
2024-12-09T01:17:49.079Z - Invalid or missing fields in PackageQuery
2024-12-09T01:17:57.521Z - Invalid or missing fields in PackageQuery
2024-12-09T01:18:05.076Z - Invalid or missing fields in PackageQuery
2024-12-09T01:18:16.534Z - Invalid or missing fields in PackageQuery
2024-12-09T01:18:40.542Z - Invalid or missing fields in PackageQuery
2024-12-09T01:18:44.277Z - Invalid or missing fields in PackageQuery
2024-12-09T01:18:51.988Z - Invalid or missing fields in PackageQuery
2024-12-09T01:18:56.579Z - Invalid or missing fields in PackageQuery
2024-12-09T01:18:58.576Z - Invalid or missing fields in PackageQuery
2024-12-09T01:19:00.553Z - Invalid or missing fields in PackageQuery
2024-12-09T01:19:02.570Z - Invalid or missing fields in PackageQuery
2024-12-09T01:19:08.229Z - Invalid or missing fields in PackageQuery
2024-12-09T01:19:14.365Z - Invalid or missing fields in PackageQuery
2024-12-09T01:19:16.427Z - Invalid or missing fields in PackageQuery
2024-12-09T01:19:20.328Z - Invalid or missing fields in PackageQuery
2024-12-09T01:19:31.593Z - Invalid or missing fields in PackageQuery
2024-12-09T01:19:39.276Z - Invalid or missing fields in PackageQuery
2024-12-09T01:19:43.876Z - Invalid or missing fields in PackageQuery
2024-12-09T01:51:32.428Z - we are heerrrr
2024-12-09T01:51:32.430Z - we are heerrrr
2024-12-09T01:51:32.437Z - README file found: \extracted\README.md
2024-12-09T01:51:32.456Z - No README file found in extracted package
2024-12-09T01:51:35.015Z - Invalid or missing fields in PackageQuery
2024-12-09T01:53:27.288Z - Invalid or missing fields in PackageQuery
2024-12-09T01:53:32.896Z - Invalid or missing fields in PackageQuery
2024-12-09T01:53:42.517Z - Invalid or missing fields in PackageQuery
2024-12-09T01:53:51.438Z - we are heerrrr
2024-12-09T01:53:51.440Z - we are heerrrr
2024-12-09T01:53:51.446Z - README file found: \extracted\README.md
2024-12-09T01:53:51.468Z - No README file found in extracted package
2024-12-09T01:53:54.197Z - Invalid or missing fields in PackageQuery
2024-12-09T02:00:27.286Z - we are heerrrr
2024-12-09T02:00:27.288Z - we are heerrrr
2024-12-09T02:00:27.294Z - README file found: \extracted\README.md
2024-12-09T02:00:27.311Z - No README file found in extracted package
2024-12-09T02:00:29.871Z - Invalid or missing fields in PackageQuery
2024-12-09T02:01:38.343Z - we are heerrrr
2024-12-09T02:01:38.344Z - we are heerrrr
2024-12-09T02:01:38.350Z - README file found: \extracted\README.md
2024-12-09T02:01:38.370Z - No README file found in extracted package
2024-12-09T02:01:41.038Z - Invalid or missing fields in PackageQuery
2024-12-09T02:05:03.870Z - we are heerrrr
2024-12-09T02:05:03.872Z - we are heerrrr
2024-12-09T02:05:03.879Z - README file found: \extracted\README.md
2024-12-09T02:05:03.898Z - No README file found in extracted package
2024-12-09T02:05:06.698Z - Invalid or missing fields in PackageQuery
2024-12-09T02:08:39.302Z - Invalid or missing fields in PackageQuery
2024-12-09T02:09:12.139Z - Invalid or missing fields in PackageQuery
2024-12-09T02:09:53.067Z - we are heerrrr
2024-12-09T02:09:53.068Z - we are heerrrr
2024-12-09T02:09:53.072Z - README file found: \extracted\README.md
2024-12-09T02:09:53.084Z - No README file found in extracted package
2024-12-09T02:10:04.586Z - we are heerrrr
2024-12-09T02:10:04.587Z - we are heerrrr
2024-12-09T02:10:04.592Z - README file found: \extracted\README.md
2024-12-09T02:10:04.611Z - No README file found in extracted package
2024-12-09T02:10:07.194Z - Invalid or missing fields in PackageQuery
2024-12-09T02:10:18.058Z - we are heerrrr
2024-12-09T02:10:18.061Z - we are heerrrr
2024-12-09T02:10:18.067Z - README file found: \extracted\README.md
2024-12-09T02:10:18.088Z - No README file found in extracted package
2024-12-09T02:10:20.609Z - Invalid or missing fields in PackageQuery
2024-12-09T03:10:52.642Z - we are heerrrr
2024-12-09T03:10:52.712Z - we are heerrrr
2024-12-09T03:10:52.717Z - README file found: \extracted\README.md
2024-12-09T03:10:52.733Z - No README file found in extracted package
2024-12-09T03:10:55.548Z - Invalid or missing fields in PackageQuery
